<testExecutions version="1">
<file path="app/containers/ItunesContainer/tests/selectors.test.js">
<testCase name="ItunesContainer selector tests should select the user state" duration="2" />
</file>
<file path="app/containers/ItunesContainer/tests/reducer.test.js">
<testCase name="ItunesContainer reducer tests should return the initial state" duration="9" />
<testCase name="ItunesContainer reducer tests should return the update the state when an action of type DEFAULT is dispatched" duration="2" />
</file>
<file path="app/containers/ItunesContainer/tests/index.test.js">
<testCase name="&lt;ItunesContainer /&gt; container tests should render and match the snapshot" duration="214" />
</file>
<file path="app/containers/ItunesContainer/tests/saga.test.js">
<testCase name="ItunesContainer saga tests should start task to watch for DEFAULT_ACTION action" duration="14" />
</file>
<file path="app/containers/App/tests/index.test.js">
<testCase name="&lt;App /&gt; container tests should render and match the snapshot" duration="231">
<failure message="Error"><![CDATA[Error: Element type is invalid: expected a string (for built-in components) or a class/function (for composite components) but got: undefined. You likely forgot to export your component from the file it&apos;s defined in, or you might have mixed up default and named imports.

Check the render method of `Router.Consumer`.
    at createFiberFromTypeAndProps (/Users/apple/Naeem/react-template/node_modules/react-dom/cjs/react-dom.development.js:25058:21)
    at createFiberFromElement (/Users/apple/Naeem/react-template/node_modules/react-dom/cjs/react-dom.development.js:25086:15)
    at reconcileSingleElement (/Users/apple/Naeem/react-template/node_modules/react-dom/cjs/react-dom.development.js:14052:23)
    at reconcileChildFibers (/Users/apple/Naeem/react-template/node_modules/react-dom/cjs/react-dom.development.js:14112:35)
    at reconcileChildren (/Users/apple/Naeem/react-template/node_modules/react-dom/cjs/react-dom.development.js:16990:28)
    at updateContextProvider (/Users/apple/Naeem/react-template/node_modules/react-dom/cjs/react-dom.development.js:18699:3)
    at beginWork (/Users/apple/Naeem/react-template/node_modules/react-dom/cjs/react-dom.development.js:19111:14)
    at HTMLUnknownElement.callCallback (/Users/apple/Naeem/react-template/node_modules/react-dom/cjs/react-dom.development.js:3945:14)
    at HTMLUnknownElement.callTheUserObjectsOperation (/Users/apple/Naeem/react-template/node_modules/jsdom/lib/jsdom/living/generated/EventListener.js:26:30)
    at innerInvokeEventListeners (/Users/apple/Naeem/react-template/node_modules/jsdom/lib/jsdom/living/events/EventTarget-impl.js:338:25)
    at invokeEventListeners (/Users/apple/Naeem/react-template/node_modules/jsdom/lib/jsdom/living/events/EventTarget-impl.js:274:3)
    at HTMLUnknownElementImpl._dispatch (/Users/apple/Naeem/react-template/node_modules/jsdom/lib/jsdom/living/events/EventTarget-impl.js:221:9)
    at HTMLUnknownElementImpl.dispatchEvent (/Users/apple/Naeem/react-template/node_modules/jsdom/lib/jsdom/living/events/EventTarget-impl.js:94:17)
    at HTMLUnknownElement.dispatchEvent (/Users/apple/Naeem/react-template/node_modules/jsdom/lib/jsdom/living/generated/EventTarget.js:231:34)
    at Object.invokeGuardedCallbackDev (/Users/apple/Naeem/react-template/node_modules/react-dom/cjs/react-dom.development.js:3994:16)
    at invokeGuardedCallback (/Users/apple/Naeem/react-template/node_modules/react-dom/cjs/react-dom.development.js:4056:31)
    at beginWork$1 (/Users/apple/Naeem/react-template/node_modules/react-dom/cjs/react-dom.development.js:23964:7)
    at performUnitOfWork (/Users/apple/Naeem/react-template/node_modules/react-dom/cjs/react-dom.development.js:22779:12)
    at workLoopSync (/Users/apple/Naeem/react-template/node_modules/react-dom/cjs/react-dom.development.js:22707:5)
    at renderRootSync (/Users/apple/Naeem/react-template/node_modules/react-dom/cjs/react-dom.development.js:22670:7)
    at performSyncWorkOnRoot (/Users/apple/Naeem/react-template/node_modules/react-dom/cjs/react-dom.development.js:22293:18)
    at scheduleUpdateOnFiber (/Users/apple/Naeem/react-template/node_modules/react-dom/cjs/react-dom.development.js:21881:7)
    at updateContainer (/Users/apple/Naeem/react-template/node_modules/react-dom/cjs/react-dom.development.js:25482:3)
    at /Users/apple/Naeem/react-template/node_modules/react-dom/cjs/react-dom.development.js:26021:7
    at unbatchedUpdates (/Users/apple/Naeem/react-template/node_modules/react-dom/cjs/react-dom.development.js:22431:12)
    at legacyRenderSubtreeIntoContainer (/Users/apple/Naeem/react-template/node_modules/react-dom/cjs/react-dom.development.js:26020:5)
    at Object.render (/Users/apple/Naeem/react-template/node_modules/react-dom/cjs/react-dom.development.js:26103:10)
    at /Users/apple/Naeem/react-template/node_modules/@testing-library/react/dist/pure.js:101:25
    at batchedUpdates$1 (/Users/apple/Naeem/react-template/node_modules/react-dom/cjs/react-dom.development.js:22380:12)
    at act (/Users/apple/Naeem/react-template/node_modules/react-dom/cjs/react-dom-test-utils.development.js:1042:14)
    at render (/Users/apple/Naeem/react-template/node_modules/@testing-library/react/dist/pure.js:97:26)
    at renderWithIntl (/Users/apple/Naeem/react-template/app/utils/testUtils.js:13:3)
    at Object.&lt;anonymous&gt; (/Users/apple/Naeem/react-template/app/containers/App/tests/index.test.js:8:27)
    at Promise.then.completed (/Users/apple/Naeem/react-template/node_modules/jest-circus/build/utils.js:390:28)
    at new Promise (&lt;anonymous&gt;)
    at callAsyncCircusFn (/Users/apple/Naeem/react-template/node_modules/jest-circus/build/utils.js:315:10)
    at _callCircusTest (/Users/apple/Naeem/react-template/node_modules/jest-circus/build/run.js:218:40)
    at processTicksAndRejections (node:internal/process/task_queues:96:5)
    at _runTest (/Users/apple/Naeem/react-template/node_modules/jest-circus/build/run.js:155:3)
    at _runTestsForDescribeBlock (/Users/apple/Naeem/react-template/node_modules/jest-circus/build/run.js:66:9)
    at _runTestsForDescribeBlock (/Users/apple/Naeem/react-template/node_modules/jest-circus/build/run.js:60:9)
    at run (/Users/apple/Naeem/react-template/node_modules/jest-circus/build/run.js:25:3)
    at runAndTransformResultsToJestFormat (/Users/apple/Naeem/react-template/node_modules/jest-circus/build/legacy-code-todo-rewrite/jestAdapterInit.js:166:21)
    at jestAdapter (/Users/apple/Naeem/react-template/node_modules/jest-circus/build/legacy-code-todo-rewrite/jestAdapter.js:82:19)
    at runTestInternal (/Users/apple/Naeem/react-template/node_modules/jest-runner/build/runTest.js:389:16)
    at runTest (/Users/apple/Naeem/react-template/node_modules/jest-runner/build/runTest.js:481:34)
    at Object.worker (/Users/apple/Naeem/react-template/node_modules/jest-runner/build/testWorker.js:133:12)]]></failure>
</testCase>
</file>
</testExecutions>