<testExecutions version="1">
<file path="app/containers/ItunesContainer/tests/selectors.test.js">
<testCase name="ItunesContainer selector tests should select the user state" duration="3" />
</file>
<file path="app/containers/ItunesContainer/tests/reducer.test.js">
<testCase name="ItunesContainer reducer tests should return the initial state" duration="4" />
<testCase name="ItunesContainer reducer tests should return the update the state when an action of type DEFAULT is dispatched" duration="1" />
</file>
<file path="app/containers/ItunesContainer/tests/index.test.js">
<testCase name="&lt;ItunesContainer /&gt; container tests should render and match the snapshot" duration="290" />
</file>
<file path="app/containers/ItunesContainer/tests/saga.test.js">
<testCase name="ItunesContainer saga tests should start task to watch for DEFAULT_ACTION action" duration="5" />
</file>
<file path="app/containers/App/tests/index.test.js">
<testCase name="&lt;App /&gt; container tests should render and match the snapshot" duration="93" />
</file>
</testExecutions>